2018-11-13 13:03:05 [scrapy.utils.log] INFO: Scrapy 1.5.0 started (bot: Tencent)
2018-11-13 13:03:05 [scrapy.utils.log] INFO: Versions: lxml 4.2.3.0, libxml2 2.9.5, cssselect 1.0.3, parsel 1.5.0, w3lib 1.19.0, Twisted 18.4.0, Python 3.6.4 (v3.6.4:d48eceb, Dec 19 2017, 06:54:40) [MSC v.1900 64 bit (AMD64)], pyOpenSSL 18.0.0 (OpenSSL 1.1.0h  27 Mar 2018), cryptography 2.2.2, Platform Windows-7-6.1.7601-SP1
2018-11-13 13:03:05 [scrapy.crawler] INFO: Overridden settings: {'BOT_NAME': 'Tencent', 'LOG_FILE': 'tencent.log', 'NEWSPIDER_MODULE': 'Tencent.spiders', 'ROBOTSTXT_OBEY': True, 'SPIDER_MODULES': ['Tencent.spiders']}
2018-11-13 13:03:05 [scrapy.middleware] INFO: Enabled extensions:
['scrapy.extensions.corestats.CoreStats',
 'scrapy.extensions.telnet.TelnetConsole',
 'scrapy.extensions.logstats.LogStats']
2018-11-13 13:03:06 [scrapy.middleware] INFO: Enabled downloader middlewares:
['scrapy.downloadermiddlewares.robotstxt.RobotsTxtMiddleware',
 'scrapy.downloadermiddlewares.httpauth.HttpAuthMiddleware',
 'scrapy.downloadermiddlewares.downloadtimeout.DownloadTimeoutMiddleware',
 'scrapy.downloadermiddlewares.defaultheaders.DefaultHeadersMiddleware',
 'scrapy.downloadermiddlewares.useragent.UserAgentMiddleware',
 'Tencent.middlewares.ProxyMiddleware',
 'scrapy.downloadermiddlewares.retry.RetryMiddleware',
 'scrapy.downloadermiddlewares.redirect.MetaRefreshMiddleware',
 'scrapy.downloadermiddlewares.httpcompression.HttpCompressionMiddleware',
 'scrapy.downloadermiddlewares.redirect.RedirectMiddleware',
 'scrapy.downloadermiddlewares.cookies.CookiesMiddleware',
 'scrapy.downloadermiddlewares.httpproxy.HttpProxyMiddleware',
 'scrapy.downloadermiddlewares.stats.DownloaderStats']
2018-11-13 13:03:06 [scrapy.middleware] INFO: Enabled spider middlewares:
['scrapy.spidermiddlewares.httperror.HttpErrorMiddleware',
 'scrapy.spidermiddlewares.offsite.OffsiteMiddleware',
 'scrapy.spidermiddlewares.referer.RefererMiddleware',
 'scrapy.spidermiddlewares.urllength.UrlLengthMiddleware',
 'scrapy.spidermiddlewares.depth.DepthMiddleware']
2018-11-13 13:03:06 [scrapy.middleware] INFO: Enabled item pipelines:
['Tencent.pipelines.TencentPipeline']
2018-11-13 13:03:06 [scrapy.core.engine] INFO: Spider opened
2018-11-13 13:03:06 [scrapy.extensions.logstats] INFO: Crawled 0 pages (at 0 pages/min), scraped 0 items (at 0 items/min)
2018-11-13 13:03:06 [scrapy.extensions.telnet] DEBUG: Telnet console listening on 127.0.0.1:6023
2018-11-13 13:03:27 [scrapy.downloadermiddlewares.retry] DEBUG: Retrying <GET http://ip.filefab.com/robots.txt> (failed 1 times): TCP connection timed out: 10060: 由于连接方在一段时间后没有正确答复或连接的主机没有反应，连接尝试失败。.
2018-11-13 13:03:47 [scrapy.crawler] INFO: Received SIGINT, shutting down gracefully. Send again to force 
2018-11-13 13:03:47 [scrapy.core.engine] INFO: Closing spider (shutdown)
2018-11-13 13:03:48 [scrapy.downloadermiddlewares.retry] DEBUG: Retrying <GET http://ip.filefab.com/robots.txt> (failed 2 times): TCP connection timed out: 10060: 由于连接方在一段时间后没有正确答复或连接的主机没有反应，连接尝试失败。.
2018-11-13 13:03:49 [scrapy.downloadermiddlewares.retry] DEBUG: Gave up retrying <GET http://ip.filefab.com/robots.txt> (failed 3 times): Connection was refused by other side: 10061: 由于目标计算机积极拒绝，无法连接。.
2018-11-13 13:03:49 [scrapy.downloadermiddlewares.robotstxt] ERROR: Error downloading <GET http://ip.filefab.com/robots.txt>: Connection was refused by other side: 10061: 由于目标计算机积极拒绝，无法连接。.
twisted.internet.error.ConnectionRefusedError: Connection was refused by other side: 10061: 由于目标计算机积极拒绝，无法连接。.
2018-11-13 13:03:50 [scrapy.downloadermiddlewares.retry] DEBUG: Retrying <GET http://ip.filefab.com/index.php> (failed 1 times): [<twisted.python.failure.Failure twisted.internet.error.ConnectionDone: Connection was closed cleanly.>]
2018-11-13 13:03:50 [scrapy.statscollectors] INFO: Dumping Scrapy stats:
{'downloader/exception_count': 4,
 'downloader/exception_type_count/twisted.internet.error.ConnectionRefusedError': 1,
 'downloader/exception_type_count/twisted.internet.error.TCPTimedOutError': 2,
 'downloader/exception_type_count/twisted.web._newclient.ResponseNeverReceived': 1,
 'downloader/request_bytes': 891,
 'downloader/request_count': 4,
 'downloader/request_method_count/GET': 4,
 'finish_reason': 'shutdown',
 'finish_time': datetime.datetime(2018, 11, 13, 5, 3, 50, 64900),
 'log_count/DEBUG': 5,
 'log_count/ERROR': 1,
 'log_count/INFO': 8,
 'retry/count': 3,
 'retry/max_reached': 1,
 'retry/reason_count/twisted.internet.error.TCPTimedOutError': 2,
 'retry/reason_count/twisted.web._newclient.ResponseNeverReceived': 1,
 'scheduler/dequeued': 1,
 'scheduler/dequeued/memory': 1,
 'scheduler/enqueued': 2,
 'scheduler/enqueued/memory': 2,
 'start_time': datetime.datetime(2018, 11, 13, 5, 3, 6, 804900)}
2018-11-13 13:03:50 [scrapy.core.engine] INFO: Spider closed (shutdown)
2018-11-13 13:04:18 [scrapy.utils.log] INFO: Scrapy 1.5.0 started (bot: Tencent)
2018-11-13 13:04:18 [scrapy.utils.log] INFO: Versions: lxml 4.2.3.0, libxml2 2.9.5, cssselect 1.0.3, parsel 1.5.0, w3lib 1.19.0, Twisted 18.4.0, Python 3.6.4 (v3.6.4:d48eceb, Dec 19 2017, 06:54:40) [MSC v.1900 64 bit (AMD64)], pyOpenSSL 18.0.0 (OpenSSL 1.1.0h  27 Mar 2018), cryptography 2.2.2, Platform Windows-7-6.1.7601-SP1
2018-11-13 13:04:18 [scrapy.crawler] INFO: Overridden settings: {'BOT_NAME': 'Tencent', 'LOG_FILE': 'tencent.log', 'NEWSPIDER_MODULE': 'Tencent.spiders', 'ROBOTSTXT_OBEY': True, 'SPIDER_MODULES': ['Tencent.spiders']}
2018-11-13 13:04:18 [scrapy.middleware] INFO: Enabled extensions:
['scrapy.extensions.corestats.CoreStats',
 'scrapy.extensions.telnet.TelnetConsole',
 'scrapy.extensions.logstats.LogStats']
2018-11-13 13:04:19 [scrapy.middleware] INFO: Enabled downloader middlewares:
['scrapy.downloadermiddlewares.robotstxt.RobotsTxtMiddleware',
 'scrapy.downloadermiddlewares.httpauth.HttpAuthMiddleware',
 'scrapy.downloadermiddlewares.downloadtimeout.DownloadTimeoutMiddleware',
 'scrapy.downloadermiddlewares.defaultheaders.DefaultHeadersMiddleware',
 'scrapy.downloadermiddlewares.useragent.UserAgentMiddleware',
 'Tencent.middlewares.ProxyMiddleware',
 'scrapy.downloadermiddlewares.retry.RetryMiddleware',
 'scrapy.downloadermiddlewares.redirect.MetaRefreshMiddleware',
 'scrapy.downloadermiddlewares.httpcompression.HttpCompressionMiddleware',
 'scrapy.downloadermiddlewares.redirect.RedirectMiddleware',
 'scrapy.downloadermiddlewares.cookies.CookiesMiddleware',
 'scrapy.downloadermiddlewares.httpproxy.HttpProxyMiddleware',
 'scrapy.downloadermiddlewares.stats.DownloaderStats']
2018-11-13 13:04:19 [scrapy.middleware] INFO: Enabled spider middlewares:
['scrapy.spidermiddlewares.httperror.HttpErrorMiddleware',
 'scrapy.spidermiddlewares.offsite.OffsiteMiddleware',
 'scrapy.spidermiddlewares.referer.RefererMiddleware',
 'scrapy.spidermiddlewares.urllength.UrlLengthMiddleware',
 'scrapy.spidermiddlewares.depth.DepthMiddleware']
2018-11-13 13:04:19 [scrapy.middleware] INFO: Enabled item pipelines:
['Tencent.pipelines.TencentPipeline']
2018-11-13 13:04:19 [scrapy.core.engine] INFO: Spider opened
2018-11-13 13:04:19 [scrapy.extensions.logstats] INFO: Crawled 0 pages (at 0 pages/min), scraped 0 items (at 0 items/min)
2018-11-13 13:04:19 [scrapy.extensions.telnet] DEBUG: Telnet console listening on 127.0.0.1:6023
2018-11-13 13:04:33 [scrapy.crawler] INFO: Received SIGINT, shutting down gracefully. Send again to force 
2018-11-13 13:04:33 [scrapy.core.engine] INFO: Closing spider (shutdown)
2018-11-13 13:04:34 [scrapy.crawler] INFO: Received SIGINT twice, forcing unclean shutdown
2018-11-13 13:04:34 [scrapy.downloadermiddlewares.retry] DEBUG: Retrying <GET http://tencent.com/robots.txt> (failed 1 times): An error occurred while connecting: [Failure instance: Traceback (failure with no frames): <class 'twisted.internet.error.ConnectionLost'>: Connection to the other side was lost in a non-clean fashion: Connection lost.
].
2018-11-13 13:06:42 [scrapy.utils.log] INFO: Scrapy 1.5.0 started (bot: Tencent)
2018-11-13 13:06:42 [scrapy.utils.log] INFO: Versions: lxml 4.2.3.0, libxml2 2.9.5, cssselect 1.0.3, parsel 1.5.0, w3lib 1.19.0, Twisted 18.4.0, Python 3.6.4 (v3.6.4:d48eceb, Dec 19 2017, 06:54:40) [MSC v.1900 64 bit (AMD64)], pyOpenSSL 18.0.0 (OpenSSL 1.1.0h  27 Mar 2018), cryptography 2.2.2, Platform Windows-7-6.1.7601-SP1
2018-11-13 13:06:42 [scrapy.crawler] INFO: Overridden settings: {'BOT_NAME': 'Tencent', 'LOG_FILE': 'tencent.log', 'NEWSPIDER_MODULE': 'Tencent.spiders', 'ROBOTSTXT_OBEY': True, 'SPIDER_MODULES': ['Tencent.spiders']}
2018-11-13 13:06:42 [scrapy.middleware] INFO: Enabled extensions:
['scrapy.extensions.corestats.CoreStats',
 'scrapy.extensions.telnet.TelnetConsole',
 'scrapy.extensions.logstats.LogStats']
2018-11-13 13:06:43 [scrapy.middleware] INFO: Enabled downloader middlewares:
['scrapy.downloadermiddlewares.robotstxt.RobotsTxtMiddleware',
 'scrapy.downloadermiddlewares.httpauth.HttpAuthMiddleware',
 'scrapy.downloadermiddlewares.downloadtimeout.DownloadTimeoutMiddleware',
 'scrapy.downloadermiddlewares.defaultheaders.DefaultHeadersMiddleware',
 'scrapy.downloadermiddlewares.useragent.UserAgentMiddleware',
 'Tencent.middlewares.ProxyMiddleware',
 'scrapy.downloadermiddlewares.retry.RetryMiddleware',
 'scrapy.downloadermiddlewares.redirect.MetaRefreshMiddleware',
 'scrapy.downloadermiddlewares.httpcompression.HttpCompressionMiddleware',
 'scrapy.downloadermiddlewares.redirect.RedirectMiddleware',
 'scrapy.downloadermiddlewares.cookies.CookiesMiddleware',
 'scrapy.downloadermiddlewares.httpproxy.HttpProxyMiddleware',
 'scrapy.downloadermiddlewares.stats.DownloaderStats']
2018-11-13 13:06:43 [scrapy.middleware] INFO: Enabled spider middlewares:
['scrapy.spidermiddlewares.httperror.HttpErrorMiddleware',
 'scrapy.spidermiddlewares.offsite.OffsiteMiddleware',
 'scrapy.spidermiddlewares.referer.RefererMiddleware',
 'scrapy.spidermiddlewares.urllength.UrlLengthMiddleware',
 'scrapy.spidermiddlewares.depth.DepthMiddleware']
2018-11-13 13:06:43 [scrapy.middleware] INFO: Enabled item pipelines:
['Tencent.pipelines.TencentPipeline']
2018-11-13 13:06:43 [scrapy.core.engine] INFO: Spider opened
2018-11-13 13:06:43 [scrapy.extensions.logstats] INFO: Crawled 0 pages (at 0 pages/min), scraped 0 items (at 0 items/min)
2018-11-13 13:06:43 [scrapy.extensions.telnet] DEBUG: Telnet console listening on 127.0.0.1:6023
2018-11-13 13:07:04 [scrapy.downloadermiddlewares.retry] DEBUG: Retrying <GET http://ip.filefab.com/robots.txt> (failed 1 times): TCP connection timed out: 10060: 由于连接方在一段时间后没有正确答复或连接的主机没有反应，连接尝试失败。.
2018-11-13 13:07:04 [scrapy.core.engine] DEBUG: Crawled (403) <GET http://ip.filefab.com/robots.txt> (referer: None)
2018-11-13 13:07:05 [scrapy.downloadermiddlewares.retry] DEBUG: Retrying <GET http://ip.filefab.com/index.php> (failed 1 times): Connection was refused by other side: 10061: 由于目标计算机积极拒绝，无法连接。.
2018-11-13 13:07:25 [scrapy.crawler] INFO: Received SIGINT, shutting down gracefully. Send again to force 
2018-11-13 13:07:25 [scrapy.core.engine] INFO: Closing spider (shutdown)
2018-11-13 13:07:26 [scrapy.downloadermiddlewares.retry] DEBUG: Retrying <GET http://ip.filefab.com/index.php> (failed 2 times): TCP connection timed out: 10060: 由于连接方在一段时间后没有正确答复或连接的主机没有反应，连接尝试失败。.
2018-11-13 13:07:26 [scrapy.statscollectors] INFO: Dumping Scrapy stats:
{'downloader/exception_count': 3,
 'downloader/exception_type_count/twisted.internet.error.ConnectionRefusedError': 1,
 'downloader/exception_type_count/twisted.internet.error.TCPTimedOutError': 2,
 'downloader/request_bytes': 890,
 'downloader/request_count': 4,
 'downloader/request_method_count/GET': 4,
 'downloader/response_bytes': 263,
 'downloader/response_count': 1,
 'downloader/response_status_count/403': 1,
 'finish_reason': 'shutdown',
 'finish_time': datetime.datetime(2018, 11, 13, 5, 7, 26, 785900),
 'log_count/DEBUG': 5,
 'log_count/INFO': 8,
 'response_received_count': 1,
 'retry/count': 3,
 'retry/reason_count/twisted.internet.error.ConnectionRefusedError': 1,
 'retry/reason_count/twisted.internet.error.TCPTimedOutError': 2,
 'scheduler/dequeued': 2,
 'scheduler/dequeued/memory': 2,
 'scheduler/enqueued': 3,
 'scheduler/enqueued/memory': 3,
 'start_time': datetime.datetime(2018, 11, 13, 5, 6, 43, 502900)}
2018-11-13 13:07:26 [scrapy.core.engine] INFO: Spider closed (shutdown)
2018-11-13 13:08:06 [scrapy.utils.log] INFO: Scrapy 1.5.0 started (bot: Tencent)
2018-11-13 13:08:06 [scrapy.utils.log] INFO: Versions: lxml 4.2.3.0, libxml2 2.9.5, cssselect 1.0.3, parsel 1.5.0, w3lib 1.19.0, Twisted 18.4.0, Python 3.6.4 (v3.6.4:d48eceb, Dec 19 2017, 06:54:40) [MSC v.1900 64 bit (AMD64)], pyOpenSSL 18.0.0 (OpenSSL 1.1.0h  27 Mar 2018), cryptography 2.2.2, Platform Windows-7-6.1.7601-SP1
2018-11-13 13:08:06 [scrapy.crawler] INFO: Overridden settings: {'BOT_NAME': 'Tencent', 'LOG_FILE': 'tencent.log', 'NEWSPIDER_MODULE': 'Tencent.spiders', 'ROBOTSTXT_OBEY': True, 'SPIDER_MODULES': ['Tencent.spiders']}
2018-11-13 13:08:06 [scrapy.middleware] INFO: Enabled extensions:
['scrapy.extensions.corestats.CoreStats',
 'scrapy.extensions.telnet.TelnetConsole',
 'scrapy.extensions.logstats.LogStats']
2018-11-13 13:08:07 [scrapy.middleware] INFO: Enabled downloader middlewares:
['scrapy.downloadermiddlewares.robotstxt.RobotsTxtMiddleware',
 'scrapy.downloadermiddlewares.httpauth.HttpAuthMiddleware',
 'scrapy.downloadermiddlewares.downloadtimeout.DownloadTimeoutMiddleware',
 'scrapy.downloadermiddlewares.defaultheaders.DefaultHeadersMiddleware',
 'scrapy.downloadermiddlewares.useragent.UserAgentMiddleware',
 'Tencent.middlewares.ProxyMiddleware',
 'scrapy.downloadermiddlewares.retry.RetryMiddleware',
 'scrapy.downloadermiddlewares.redirect.MetaRefreshMiddleware',
 'scrapy.downloadermiddlewares.httpcompression.HttpCompressionMiddleware',
 'scrapy.downloadermiddlewares.redirect.RedirectMiddleware',
 'scrapy.downloadermiddlewares.cookies.CookiesMiddleware',
 'scrapy.downloadermiddlewares.httpproxy.HttpProxyMiddleware',
 'scrapy.downloadermiddlewares.stats.DownloaderStats']
2018-11-13 13:08:07 [scrapy.middleware] INFO: Enabled spider middlewares:
['scrapy.spidermiddlewares.httperror.HttpErrorMiddleware',
 'scrapy.spidermiddlewares.offsite.OffsiteMiddleware',
 'scrapy.spidermiddlewares.referer.RefererMiddleware',
 'scrapy.spidermiddlewares.urllength.UrlLengthMiddleware',
 'scrapy.spidermiddlewares.depth.DepthMiddleware']
2018-11-13 13:08:07 [scrapy.middleware] INFO: Enabled item pipelines:
['Tencent.pipelines.TencentPipeline']
2018-11-13 13:08:07 [scrapy.core.engine] INFO: Spider opened
2018-11-13 13:08:07 [scrapy.extensions.logstats] INFO: Crawled 0 pages (at 0 pages/min), scraped 0 items (at 0 items/min)
2018-11-13 13:08:07 [scrapy.extensions.telnet] DEBUG: Telnet console listening on 127.0.0.1:6023
2018-11-13 13:08:08 [scrapy.core.engine] DEBUG: Crawled (404) <GET http://ip.filefab.com/robots.txt> (referer: None)
2018-11-13 13:08:10 [scrapy.core.engine] DEBUG: Crawled (200) <GET http://ip.filefab.com/index.php> (referer: None)
2018-11-13 13:08:10 [scrapy.core.engine] INFO: Closing spider (finished)
2018-11-13 13:08:10 [scrapy.statscollectors] INFO: Dumping Scrapy stats:
{'downloader/request_bytes': 445,
 'downloader/request_count': 2,
 'downloader/request_method_count/GET': 2,
 'downloader/response_bytes': 2201,
 'downloader/response_count': 2,
 'downloader/response_status_count/200': 1,
 'downloader/response_status_count/404': 1,
 'finish_reason': 'finished',
 'finish_time': datetime.datetime(2018, 11, 13, 5, 8, 10, 859900),
 'log_count/DEBUG': 3,
 'log_count/INFO': 7,
 'response_received_count': 2,
 'scheduler/dequeued': 1,
 'scheduler/dequeued/memory': 1,
 'scheduler/enqueued': 1,
 'scheduler/enqueued/memory': 1,
 'start_time': datetime.datetime(2018, 11, 13, 5, 8, 7, 757900)}
2018-11-13 13:08:10 [scrapy.core.engine] INFO: Spider closed (finished)
2018-11-13 13:09:26 [scrapy.utils.log] INFO: Scrapy 1.5.0 started (bot: Tencent)
2018-11-13 13:09:26 [scrapy.utils.log] INFO: Versions: lxml 4.2.3.0, libxml2 2.9.5, cssselect 1.0.3, parsel 1.5.0, w3lib 1.19.0, Twisted 18.4.0, Python 3.6.4 (v3.6.4:d48eceb, Dec 19 2017, 06:54:40) [MSC v.1900 64 bit (AMD64)], pyOpenSSL 18.0.0 (OpenSSL 1.1.0h  27 Mar 2018), cryptography 2.2.2, Platform Windows-7-6.1.7601-SP1
2018-11-13 13:09:26 [scrapy.crawler] INFO: Overridden settings: {'BOT_NAME': 'Tencent', 'LOG_FILE': 'tencent.log', 'NEWSPIDER_MODULE': 'Tencent.spiders', 'ROBOTSTXT_OBEY': True, 'SPIDER_MODULES': ['Tencent.spiders']}
2018-11-13 13:09:26 [scrapy.middleware] INFO: Enabled extensions:
['scrapy.extensions.corestats.CoreStats',
 'scrapy.extensions.telnet.TelnetConsole',
 'scrapy.extensions.logstats.LogStats']
2018-11-13 13:09:27 [scrapy.middleware] INFO: Enabled downloader middlewares:
['scrapy.downloadermiddlewares.robotstxt.RobotsTxtMiddleware',
 'scrapy.downloadermiddlewares.httpauth.HttpAuthMiddleware',
 'scrapy.downloadermiddlewares.downloadtimeout.DownloadTimeoutMiddleware',
 'scrapy.downloadermiddlewares.defaultheaders.DefaultHeadersMiddleware',
 'scrapy.downloadermiddlewares.useragent.UserAgentMiddleware',
 'Tencent.middlewares.ProxyMiddleware',
 'scrapy.downloadermiddlewares.retry.RetryMiddleware',
 'scrapy.downloadermiddlewares.redirect.MetaRefreshMiddleware',
 'scrapy.downloadermiddlewares.httpcompression.HttpCompressionMiddleware',
 'scrapy.downloadermiddlewares.redirect.RedirectMiddleware',
 'scrapy.downloadermiddlewares.cookies.CookiesMiddleware',
 'scrapy.downloadermiddlewares.httpproxy.HttpProxyMiddleware',
 'scrapy.downloadermiddlewares.stats.DownloaderStats']
2018-11-13 13:09:27 [scrapy.middleware] INFO: Enabled spider middlewares:
['scrapy.spidermiddlewares.httperror.HttpErrorMiddleware',
 'scrapy.spidermiddlewares.offsite.OffsiteMiddleware',
 'scrapy.spidermiddlewares.referer.RefererMiddleware',
 'scrapy.spidermiddlewares.urllength.UrlLengthMiddleware',
 'scrapy.spidermiddlewares.depth.DepthMiddleware']
2018-11-13 13:09:27 [scrapy.middleware] INFO: Enabled item pipelines:
['Tencent.pipelines.TencentPipeline']
2018-11-13 13:09:27 [scrapy.core.engine] INFO: Spider opened
2018-11-13 13:09:27 [scrapy.extensions.logstats] INFO: Crawled 0 pages (at 0 pages/min), scraped 0 items (at 0 items/min)
2018-11-13 13:09:27 [scrapy.extensions.telnet] DEBUG: Telnet console listening on 127.0.0.1:6023
2018-11-13 13:09:27 [scrapy.core.engine] DEBUG: Crawled (200) <GET http://ip.chinaz.com/robots.txt> (referer: None) ['partial']
2018-11-13 13:09:27 [scrapy.core.engine] DEBUG: Crawled (200) <GET http://ip.chinaz.com/getip.aspx> (referer: None) ['partial']
2018-11-13 13:09:27 [scrapy.core.engine] INFO: Closing spider (finished)
2018-11-13 13:09:27 [scrapy.statscollectors] INFO: Dumping Scrapy stats:
{'downloader/request_bytes': 444,
 'downloader/request_count': 2,
 'downloader/request_method_count/GET': 2,
 'downloader/response_bytes': 2238,
 'downloader/response_count': 2,
 'downloader/response_status_count/200': 2,
 'finish_reason': 'finished',
 'finish_time': datetime.datetime(2018, 11, 13, 5, 9, 27, 968900),
 'log_count/DEBUG': 3,
 'log_count/INFO': 7,
 'response_received_count': 2,
 'scheduler/dequeued': 1,
 'scheduler/dequeued/memory': 1,
 'scheduler/enqueued': 1,
 'scheduler/enqueued/memory': 1,
 'start_time': datetime.datetime(2018, 11, 13, 5, 9, 27, 24900)}
2018-11-13 13:09:27 [scrapy.core.engine] INFO: Spider closed (finished)
2018-11-13 13:11:11 [scrapy.utils.log] INFO: Scrapy 1.5.0 started (bot: Tencent)
2018-11-13 13:11:11 [scrapy.utils.log] INFO: Versions: lxml 4.2.3.0, libxml2 2.9.5, cssselect 1.0.3, parsel 1.5.0, w3lib 1.19.0, Twisted 18.4.0, Python 3.6.4 (v3.6.4:d48eceb, Dec 19 2017, 06:54:40) [MSC v.1900 64 bit (AMD64)], pyOpenSSL 18.0.0 (OpenSSL 1.1.0h  27 Mar 2018), cryptography 2.2.2, Platform Windows-7-6.1.7601-SP1
2018-11-13 13:11:11 [scrapy.crawler] INFO: Overridden settings: {'BOT_NAME': 'Tencent', 'LOG_FILE': 'tencent.log', 'NEWSPIDER_MODULE': 'Tencent.spiders', 'ROBOTSTXT_OBEY': True, 'SPIDER_MODULES': ['Tencent.spiders']}
2018-11-13 13:11:11 [scrapy.middleware] INFO: Enabled extensions:
['scrapy.extensions.corestats.CoreStats',
 'scrapy.extensions.telnet.TelnetConsole',
 'scrapy.extensions.logstats.LogStats']
2018-11-13 13:11:12 [scrapy.middleware] INFO: Enabled downloader middlewares:
['scrapy.downloadermiddlewares.robotstxt.RobotsTxtMiddleware',
 'scrapy.downloadermiddlewares.httpauth.HttpAuthMiddleware',
 'scrapy.downloadermiddlewares.downloadtimeout.DownloadTimeoutMiddleware',
 'scrapy.downloadermiddlewares.defaultheaders.DefaultHeadersMiddleware',
 'scrapy.downloadermiddlewares.useragent.UserAgentMiddleware',
 'Tencent.middlewares.ProxyMiddleware',
 'scrapy.downloadermiddlewares.retry.RetryMiddleware',
 'scrapy.downloadermiddlewares.redirect.MetaRefreshMiddleware',
 'scrapy.downloadermiddlewares.httpcompression.HttpCompressionMiddleware',
 'scrapy.downloadermiddlewares.redirect.RedirectMiddleware',
 'scrapy.downloadermiddlewares.cookies.CookiesMiddleware',
 'scrapy.downloadermiddlewares.httpproxy.HttpProxyMiddleware',
 'scrapy.downloadermiddlewares.stats.DownloaderStats']
2018-11-13 13:11:12 [scrapy.middleware] INFO: Enabled spider middlewares:
['scrapy.spidermiddlewares.httperror.HttpErrorMiddleware',
 'scrapy.spidermiddlewares.offsite.OffsiteMiddleware',
 'scrapy.spidermiddlewares.referer.RefererMiddleware',
 'scrapy.spidermiddlewares.urllength.UrlLengthMiddleware',
 'scrapy.spidermiddlewares.depth.DepthMiddleware']
2018-11-13 13:11:12 [scrapy.middleware] INFO: Enabled item pipelines:
['Tencent.pipelines.TencentPipeline']
2018-11-13 13:11:12 [scrapy.core.engine] INFO: Spider opened
2018-11-13 13:11:12 [scrapy.extensions.logstats] INFO: Crawled 0 pages (at 0 pages/min), scraped 0 items (at 0 items/min)
2018-11-13 13:11:12 [scrapy.extensions.telnet] DEBUG: Telnet console listening on 127.0.0.1:6023
2018-11-13 13:11:12 [scrapy.core.engine] DEBUG: Crawled (404) <GET http://ip.filefab.com/robots.txt> (referer: None)
2018-11-13 13:11:14 [scrapy.core.engine] DEBUG: Crawled (200) <GET http://ip.filefab.com/index.php> (referer: None)
2018-11-13 13:11:14 [scrapy.core.engine] INFO: Closing spider (finished)
2018-11-13 13:11:14 [scrapy.statscollectors] INFO: Dumping Scrapy stats:
{'downloader/request_bytes': 445,
 'downloader/request_count': 2,
 'downloader/request_method_count/GET': 2,
 'downloader/response_bytes': 2201,
 'downloader/response_count': 2,
 'downloader/response_status_count/200': 1,
 'downloader/response_status_count/404': 1,
 'finish_reason': 'finished',
 'finish_time': datetime.datetime(2018, 11, 13, 5, 11, 14, 806900),
 'log_count/DEBUG': 3,
 'log_count/INFO': 7,
 'response_received_count': 2,
 'scheduler/dequeued': 1,
 'scheduler/dequeued/memory': 1,
 'scheduler/enqueued': 1,
 'scheduler/enqueued/memory': 1,
 'start_time': datetime.datetime(2018, 11, 13, 5, 11, 12, 17900)}
2018-11-13 13:11:14 [scrapy.core.engine] INFO: Spider closed (finished)
2018-11-13 13:14:10 [scrapy.utils.log] INFO: Scrapy 1.5.0 started (bot: Tencent)
2018-11-13 13:14:10 [scrapy.utils.log] INFO: Versions: lxml 4.2.3.0, libxml2 2.9.5, cssselect 1.0.3, parsel 1.5.0, w3lib 1.19.0, Twisted 18.4.0, Python 3.6.4 (v3.6.4:d48eceb, Dec 19 2017, 06:54:40) [MSC v.1900 64 bit (AMD64)], pyOpenSSL 18.0.0 (OpenSSL 1.1.0h  27 Mar 2018), cryptography 2.2.2, Platform Windows-7-6.1.7601-SP1
2018-11-13 13:14:10 [scrapy.crawler] INFO: Overridden settings: {'BOT_NAME': 'Tencent', 'LOG_FILE': 'tencent.log', 'NEWSPIDER_MODULE': 'Tencent.spiders', 'ROBOTSTXT_OBEY': True, 'SPIDER_MODULES': ['Tencent.spiders']}
2018-11-13 13:14:10 [scrapy.middleware] INFO: Enabled extensions:
['scrapy.extensions.corestats.CoreStats',
 'scrapy.extensions.telnet.TelnetConsole',
 'scrapy.extensions.logstats.LogStats']
2018-11-13 13:14:11 [scrapy.middleware] INFO: Enabled downloader middlewares:
['scrapy.downloadermiddlewares.robotstxt.RobotsTxtMiddleware',
 'scrapy.downloadermiddlewares.httpauth.HttpAuthMiddleware',
 'scrapy.downloadermiddlewares.downloadtimeout.DownloadTimeoutMiddleware',
 'scrapy.downloadermiddlewares.defaultheaders.DefaultHeadersMiddleware',
 'scrapy.downloadermiddlewares.useragent.UserAgentMiddleware',
 'Tencent.middlewares.ProxyMiddleware',
 'scrapy.downloadermiddlewares.retry.RetryMiddleware',
 'scrapy.downloadermiddlewares.redirect.MetaRefreshMiddleware',
 'scrapy.downloadermiddlewares.httpcompression.HttpCompressionMiddleware',
 'scrapy.downloadermiddlewares.redirect.RedirectMiddleware',
 'scrapy.downloadermiddlewares.cookies.CookiesMiddleware',
 'scrapy.downloadermiddlewares.httpproxy.HttpProxyMiddleware',
 'scrapy.downloadermiddlewares.stats.DownloaderStats']
2018-11-13 13:14:11 [scrapy.middleware] INFO: Enabled spider middlewares:
['scrapy.spidermiddlewares.httperror.HttpErrorMiddleware',
 'scrapy.spidermiddlewares.offsite.OffsiteMiddleware',
 'scrapy.spidermiddlewares.referer.RefererMiddleware',
 'scrapy.spidermiddlewares.urllength.UrlLengthMiddleware',
 'scrapy.spidermiddlewares.depth.DepthMiddleware']
2018-11-13 13:14:11 [scrapy.middleware] INFO: Enabled item pipelines:
['Tencent.pipelines.TencentPipeline']
2018-11-13 13:14:11 [scrapy.core.engine] INFO: Spider opened
2018-11-13 13:14:11 [scrapy.extensions.logstats] INFO: Crawled 0 pages (at 0 pages/min), scraped 0 items (at 0 items/min)
2018-11-13 13:14:11 [scrapy.extensions.telnet] DEBUG: Telnet console listening on 127.0.0.1:6023
2018-11-13 13:14:12 [scrapy.core.engine] DEBUG: Crawled (404) <GET http://ip.filefab.com/robots.txt> (referer: None)
2018-11-13 13:14:14 [scrapy.core.engine] DEBUG: Crawled (200) <GET http://ip.filefab.com/index.php> (referer: None)
2018-11-13 13:14:14 [scrapy.core.scraper] ERROR: Spider error processing <GET http://ip.filefab.com/index.php> (referer: None)
Traceback (most recent call last):
  File "e:\environment\python36\lib\site-packages\twisted\internet\defer.py", line 653, in _runCallbacks
    current.result = callback(current.result, *args, **kw)
  File "e:\environment\python36\lib\site-packages\scrapy\spiders\__init__.py", line 90, in parse
    raise NotImplementedError('{}.parse callback is not defined'.format(self.__class__.__name__))
NotImplementedError: TencentSpider.parse callback is not defined
2018-11-13 13:14:14 [scrapy.core.engine] INFO: Closing spider (finished)
2018-11-13 13:14:14 [scrapy.statscollectors] INFO: Dumping Scrapy stats:
{'downloader/request_bytes': 445,
 'downloader/request_count': 2,
 'downloader/request_method_count/GET': 2,
 'downloader/response_bytes': 2201,
 'downloader/response_count': 2,
 'downloader/response_status_count/200': 1,
 'downloader/response_status_count/404': 1,
 'finish_reason': 'finished',
 'finish_time': datetime.datetime(2018, 11, 13, 5, 14, 14, 308900),
 'log_count/DEBUG': 3,
 'log_count/ERROR': 1,
 'log_count/INFO': 7,
 'response_received_count': 2,
 'scheduler/dequeued': 1,
 'scheduler/dequeued/memory': 1,
 'scheduler/enqueued': 1,
 'scheduler/enqueued/memory': 1,
 'spider_exceptions/NotImplementedError': 1,
 'start_time': datetime.datetime(2018, 11, 13, 5, 14, 11, 347900)}
2018-11-13 13:14:14 [scrapy.core.engine] INFO: Spider closed (finished)
2018-11-13 13:14:32 [scrapy.utils.log] INFO: Scrapy 1.5.0 started (bot: Tencent)
2018-11-13 13:14:32 [scrapy.utils.log] INFO: Versions: lxml 4.2.3.0, libxml2 2.9.5, cssselect 1.0.3, parsel 1.5.0, w3lib 1.19.0, Twisted 18.4.0, Python 3.6.4 (v3.6.4:d48eceb, Dec 19 2017, 06:54:40) [MSC v.1900 64 bit (AMD64)], pyOpenSSL 18.0.0 (OpenSSL 1.1.0h  27 Mar 2018), cryptography 2.2.2, Platform Windows-7-6.1.7601-SP1
2018-11-13 13:14:32 [scrapy.crawler] INFO: Overridden settings: {'BOT_NAME': 'Tencent', 'LOG_FILE': 'tencent.log', 'NEWSPIDER_MODULE': 'Tencent.spiders', 'ROBOTSTXT_OBEY': True, 'SPIDER_MODULES': ['Tencent.spiders']}
2018-11-13 13:14:32 [scrapy.middleware] INFO: Enabled extensions:
['scrapy.extensions.corestats.CoreStats',
 'scrapy.extensions.telnet.TelnetConsole',
 'scrapy.extensions.logstats.LogStats']
2018-11-13 13:14:33 [scrapy.middleware] INFO: Enabled downloader middlewares:
['scrapy.downloadermiddlewares.robotstxt.RobotsTxtMiddleware',
 'scrapy.downloadermiddlewares.httpauth.HttpAuthMiddleware',
 'scrapy.downloadermiddlewares.downloadtimeout.DownloadTimeoutMiddleware',
 'scrapy.downloadermiddlewares.defaultheaders.DefaultHeadersMiddleware',
 'scrapy.downloadermiddlewares.useragent.UserAgentMiddleware',
 'Tencent.middlewares.ProxyMiddleware',
 'scrapy.downloadermiddlewares.retry.RetryMiddleware',
 'scrapy.downloadermiddlewares.redirect.MetaRefreshMiddleware',
 'scrapy.downloadermiddlewares.httpcompression.HttpCompressionMiddleware',
 'scrapy.downloadermiddlewares.redirect.RedirectMiddleware',
 'scrapy.downloadermiddlewares.cookies.CookiesMiddleware',
 'scrapy.downloadermiddlewares.httpproxy.HttpProxyMiddleware',
 'scrapy.downloadermiddlewares.stats.DownloaderStats']
2018-11-13 13:14:33 [scrapy.middleware] INFO: Enabled spider middlewares:
['scrapy.spidermiddlewares.httperror.HttpErrorMiddleware',
 'scrapy.spidermiddlewares.offsite.OffsiteMiddleware',
 'scrapy.spidermiddlewares.referer.RefererMiddleware',
 'scrapy.spidermiddlewares.urllength.UrlLengthMiddleware',
 'scrapy.spidermiddlewares.depth.DepthMiddleware']
2018-11-13 13:14:33 [scrapy.middleware] INFO: Enabled item pipelines:
['Tencent.pipelines.TencentPipeline']
2018-11-13 13:14:33 [scrapy.core.engine] INFO: Spider opened
2018-11-13 13:14:33 [scrapy.extensions.logstats] INFO: Crawled 0 pages (at 0 pages/min), scraped 0 items (at 0 items/min)
2018-11-13 13:14:33 [scrapy.extensions.telnet] DEBUG: Telnet console listening on 127.0.0.1:6023
2018-11-13 13:14:34 [scrapy.core.engine] DEBUG: Crawled (404) <GET http://ip.filefab.com/robots.txt> (referer: None)
2018-11-13 13:14:37 [scrapy.core.engine] DEBUG: Crawled (200) <GET http://ip.filefab.com/index.php> (referer: None)
2018-11-13 13:14:37 [scrapy.core.engine] INFO: Closing spider (finished)
2018-11-13 13:14:37 [scrapy.statscollectors] INFO: Dumping Scrapy stats:
{'downloader/request_bytes': 445,
 'downloader/request_count': 2,
 'downloader/request_method_count/GET': 2,
 'downloader/response_bytes': 2201,
 'downloader/response_count': 2,
 'downloader/response_status_count/200': 1,
 'downloader/response_status_count/404': 1,
 'finish_reason': 'finished',
 'finish_time': datetime.datetime(2018, 11, 13, 5, 14, 37, 382900),
 'log_count/DEBUG': 3,
 'log_count/INFO': 7,
 'response_received_count': 2,
 'scheduler/dequeued': 1,
 'scheduler/dequeued/memory': 1,
 'scheduler/enqueued': 1,
 'scheduler/enqueued/memory': 1,
 'start_time': datetime.datetime(2018, 11, 13, 5, 14, 33, 617900)}
2018-11-13 13:14:37 [scrapy.core.engine] INFO: Spider closed (finished)
2018-11-13 13:14:56 [scrapy.utils.log] INFO: Scrapy 1.5.0 started (bot: Tencent)
2018-11-13 13:14:56 [scrapy.utils.log] INFO: Versions: lxml 4.2.3.0, libxml2 2.9.5, cssselect 1.0.3, parsel 1.5.0, w3lib 1.19.0, Twisted 18.4.0, Python 3.6.4 (v3.6.4:d48eceb, Dec 19 2017, 06:54:40) [MSC v.1900 64 bit (AMD64)], pyOpenSSL 18.0.0 (OpenSSL 1.1.0h  27 Mar 2018), cryptography 2.2.2, Platform Windows-7-6.1.7601-SP1
2018-11-13 13:14:56 [scrapy.crawler] INFO: Overridden settings: {'BOT_NAME': 'Tencent', 'LOG_FILE': 'tencent.log', 'NEWSPIDER_MODULE': 'Tencent.spiders', 'ROBOTSTXT_OBEY': True, 'SPIDER_MODULES': ['Tencent.spiders']}
2018-11-13 13:14:56 [scrapy.middleware] INFO: Enabled extensions:
['scrapy.extensions.corestats.CoreStats',
 'scrapy.extensions.telnet.TelnetConsole',
 'scrapy.extensions.logstats.LogStats']
2018-11-13 13:14:57 [scrapy.middleware] INFO: Enabled downloader middlewares:
['scrapy.downloadermiddlewares.robotstxt.RobotsTxtMiddleware',
 'scrapy.downloadermiddlewares.httpauth.HttpAuthMiddleware',
 'scrapy.downloadermiddlewares.downloadtimeout.DownloadTimeoutMiddleware',
 'scrapy.downloadermiddlewares.defaultheaders.DefaultHeadersMiddleware',
 'scrapy.downloadermiddlewares.useragent.UserAgentMiddleware',
 'Tencent.middlewares.ProxyMiddleware',
 'scrapy.downloadermiddlewares.retry.RetryMiddleware',
 'scrapy.downloadermiddlewares.redirect.MetaRefreshMiddleware',
 'scrapy.downloadermiddlewares.httpcompression.HttpCompressionMiddleware',
 'scrapy.downloadermiddlewares.redirect.RedirectMiddleware',
 'scrapy.downloadermiddlewares.cookies.CookiesMiddleware',
 'scrapy.downloadermiddlewares.httpproxy.HttpProxyMiddleware',
 'scrapy.downloadermiddlewares.stats.DownloaderStats']
2018-11-13 13:14:57 [scrapy.middleware] INFO: Enabled spider middlewares:
['scrapy.spidermiddlewares.httperror.HttpErrorMiddleware',
 'scrapy.spidermiddlewares.offsite.OffsiteMiddleware',
 'scrapy.spidermiddlewares.referer.RefererMiddleware',
 'scrapy.spidermiddlewares.urllength.UrlLengthMiddleware',
 'scrapy.spidermiddlewares.depth.DepthMiddleware']
2018-11-13 13:14:57 [scrapy.middleware] INFO: Enabled item pipelines:
['Tencent.pipelines.TencentPipeline']
2018-11-13 13:14:57 [scrapy.core.engine] INFO: Spider opened
2018-11-13 13:14:57 [scrapy.extensions.logstats] INFO: Crawled 0 pages (at 0 pages/min), scraped 0 items (at 0 items/min)
2018-11-13 13:14:57 [scrapy.extensions.telnet] DEBUG: Telnet console listening on 127.0.0.1:6023
2018-11-13 13:14:57 [scrapy.core.engine] DEBUG: Crawled (404) <GET http://ip.filefab.com/robots.txt> (referer: None)
2018-11-13 13:14:59 [scrapy.core.engine] DEBUG: Crawled (200) <GET http://ip.filefab.com/index.php> (referer: None)
2018-11-13 13:14:59 [scrapy.core.engine] INFO: Closing spider (finished)
2018-11-13 13:14:59 [scrapy.statscollectors] INFO: Dumping Scrapy stats:
{'downloader/request_bytes': 445,
 'downloader/request_count': 2,
 'downloader/request_method_count/GET': 2,
 'downloader/response_bytes': 2201,
 'downloader/response_count': 2,
 'downloader/response_status_count/200': 1,
 'downloader/response_status_count/404': 1,
 'finish_reason': 'finished',
 'finish_time': datetime.datetime(2018, 11, 13, 5, 14, 59, 966900),
 'log_count/DEBUG': 3,
 'log_count/INFO': 7,
 'response_received_count': 2,
 'scheduler/dequeued': 1,
 'scheduler/dequeued/memory': 1,
 'scheduler/enqueued': 1,
 'scheduler/enqueued/memory': 1,
 'start_time': datetime.datetime(2018, 11, 13, 5, 14, 57, 420900)}
2018-11-13 13:14:59 [scrapy.core.engine] INFO: Spider closed (finished)
2018-11-13 13:16:22 [scrapy.utils.log] INFO: Scrapy 1.5.0 started (bot: Tencent)
2018-11-13 13:16:22 [scrapy.utils.log] INFO: Versions: lxml 4.2.3.0, libxml2 2.9.5, cssselect 1.0.3, parsel 1.5.0, w3lib 1.19.0, Twisted 18.4.0, Python 3.6.4 (v3.6.4:d48eceb, Dec 19 2017, 06:54:40) [MSC v.1900 64 bit (AMD64)], pyOpenSSL 18.0.0 (OpenSSL 1.1.0h  27 Mar 2018), cryptography 2.2.2, Platform Windows-7-6.1.7601-SP1
2018-11-13 13:16:22 [scrapy.crawler] INFO: Overridden settings: {'BOT_NAME': 'Tencent', 'LOG_FILE': 'tencent.log', 'NEWSPIDER_MODULE': 'Tencent.spiders', 'ROBOTSTXT_OBEY': True, 'SPIDER_MODULES': ['Tencent.spiders']}
2018-11-13 13:16:22 [scrapy.middleware] INFO: Enabled extensions:
['scrapy.extensions.corestats.CoreStats',
 'scrapy.extensions.telnet.TelnetConsole',
 'scrapy.extensions.logstats.LogStats']
2018-11-13 13:16:23 [scrapy.middleware] INFO: Enabled downloader middlewares:
['scrapy.downloadermiddlewares.robotstxt.RobotsTxtMiddleware',
 'scrapy.downloadermiddlewares.httpauth.HttpAuthMiddleware',
 'scrapy.downloadermiddlewares.downloadtimeout.DownloadTimeoutMiddleware',
 'scrapy.downloadermiddlewares.defaultheaders.DefaultHeadersMiddleware',
 'scrapy.downloadermiddlewares.useragent.UserAgentMiddleware',
 'Tencent.middlewares.ProxyMiddleware',
 'scrapy.downloadermiddlewares.retry.RetryMiddleware',
 'scrapy.downloadermiddlewares.redirect.MetaRefreshMiddleware',
 'scrapy.downloadermiddlewares.httpcompression.HttpCompressionMiddleware',
 'scrapy.downloadermiddlewares.redirect.RedirectMiddleware',
 'scrapy.downloadermiddlewares.cookies.CookiesMiddleware',
 'scrapy.downloadermiddlewares.httpproxy.HttpProxyMiddleware',
 'scrapy.downloadermiddlewares.stats.DownloaderStats']
2018-11-13 13:16:23 [scrapy.middleware] INFO: Enabled spider middlewares:
['scrapy.spidermiddlewares.httperror.HttpErrorMiddleware',
 'scrapy.spidermiddlewares.offsite.OffsiteMiddleware',
 'scrapy.spidermiddlewares.referer.RefererMiddleware',
 'scrapy.spidermiddlewares.urllength.UrlLengthMiddleware',
 'scrapy.spidermiddlewares.depth.DepthMiddleware']
2018-11-13 13:16:23 [scrapy.middleware] INFO: Enabled item pipelines:
['Tencent.pipelines.TencentPipeline']
2018-11-13 13:16:23 [scrapy.core.engine] INFO: Spider opened
2018-11-13 13:16:23 [scrapy.extensions.logstats] INFO: Crawled 0 pages (at 0 pages/min), scraped 0 items (at 0 items/min)
2018-11-13 13:16:23 [scrapy.extensions.telnet] DEBUG: Telnet console listening on 127.0.0.1:6023
2018-11-13 13:16:24 [scrapy.core.engine] DEBUG: Crawled (404) <GET http://ip.filefab.com/robots.txt> (referer: None)
2018-11-13 13:16:25 [scrapy.core.engine] DEBUG: Crawled (200) <GET http://ip.filefab.com/index.php> (referer: None)
2018-11-13 13:16:26 [scrapy.core.scraper] ERROR: Spider error processing <GET http://ip.filefab.com/index.php> (referer: None)
Traceback (most recent call last):
  File "e:\environment\python36\lib\site-packages\twisted\internet\defer.py", line 653, in _runCallbacks
    current.result = callback(current.result, *args, **kw)
  File "E:\WorkSpace\python-scrapy-crawler\Tencent\Tencent\spiders\tencent.py", line 23, in parse
    self.parse_ip_text(response)
TypeError: parse_ip_text() takes 1 positional argument but 2 were given
2018-11-13 13:16:26 [scrapy.core.engine] INFO: Closing spider (finished)
2018-11-13 13:16:26 [scrapy.statscollectors] INFO: Dumping Scrapy stats:
{'downloader/request_bytes': 445,
 'downloader/request_count': 2,
 'downloader/request_method_count/GET': 2,
 'downloader/response_bytes': 2201,
 'downloader/response_count': 2,
 'downloader/response_status_count/200': 1,
 'downloader/response_status_count/404': 1,
 'finish_reason': 'finished',
 'finish_time': datetime.datetime(2018, 11, 13, 5, 16, 26, 102900),
 'log_count/DEBUG': 3,
 'log_count/ERROR': 1,
 'log_count/INFO': 7,
 'response_received_count': 2,
 'scheduler/dequeued': 1,
 'scheduler/dequeued/memory': 1,
 'scheduler/enqueued': 1,
 'scheduler/enqueued/memory': 1,
 'spider_exceptions/TypeError': 1,
 'start_time': datetime.datetime(2018, 11, 13, 5, 16, 23, 501900)}
2018-11-13 13:16:26 [scrapy.core.engine] INFO: Spider closed (finished)
2018-11-13 13:16:52 [scrapy.utils.log] INFO: Scrapy 1.5.0 started (bot: Tencent)
2018-11-13 13:16:52 [scrapy.utils.log] INFO: Versions: lxml 4.2.3.0, libxml2 2.9.5, cssselect 1.0.3, parsel 1.5.0, w3lib 1.19.0, Twisted 18.4.0, Python 3.6.4 (v3.6.4:d48eceb, Dec 19 2017, 06:54:40) [MSC v.1900 64 bit (AMD64)], pyOpenSSL 18.0.0 (OpenSSL 1.1.0h  27 Mar 2018), cryptography 2.2.2, Platform Windows-7-6.1.7601-SP1
2018-11-13 13:16:52 [scrapy.crawler] INFO: Overridden settings: {'BOT_NAME': 'Tencent', 'LOG_FILE': 'tencent.log', 'NEWSPIDER_MODULE': 'Tencent.spiders', 'ROBOTSTXT_OBEY': True, 'SPIDER_MODULES': ['Tencent.spiders']}
2018-11-13 13:16:52 [scrapy.middleware] INFO: Enabled extensions:
['scrapy.extensions.corestats.CoreStats',
 'scrapy.extensions.telnet.TelnetConsole',
 'scrapy.extensions.logstats.LogStats']
2018-11-13 13:16:53 [scrapy.middleware] INFO: Enabled downloader middlewares:
['scrapy.downloadermiddlewares.robotstxt.RobotsTxtMiddleware',
 'scrapy.downloadermiddlewares.httpauth.HttpAuthMiddleware',
 'scrapy.downloadermiddlewares.downloadtimeout.DownloadTimeoutMiddleware',
 'scrapy.downloadermiddlewares.defaultheaders.DefaultHeadersMiddleware',
 'scrapy.downloadermiddlewares.useragent.UserAgentMiddleware',
 'Tencent.middlewares.ProxyMiddleware',
 'scrapy.downloadermiddlewares.retry.RetryMiddleware',
 'scrapy.downloadermiddlewares.redirect.MetaRefreshMiddleware',
 'scrapy.downloadermiddlewares.httpcompression.HttpCompressionMiddleware',
 'scrapy.downloadermiddlewares.redirect.RedirectMiddleware',
 'scrapy.downloadermiddlewares.cookies.CookiesMiddleware',
 'scrapy.downloadermiddlewares.httpproxy.HttpProxyMiddleware',
 'scrapy.downloadermiddlewares.stats.DownloaderStats']
2018-11-13 13:16:53 [scrapy.middleware] INFO: Enabled spider middlewares:
['scrapy.spidermiddlewares.httperror.HttpErrorMiddleware',
 'scrapy.spidermiddlewares.offsite.OffsiteMiddleware',
 'scrapy.spidermiddlewares.referer.RefererMiddleware',
 'scrapy.spidermiddlewares.urllength.UrlLengthMiddleware',
 'scrapy.spidermiddlewares.depth.DepthMiddleware']
2018-11-13 13:16:53 [scrapy.middleware] INFO: Enabled item pipelines:
['Tencent.pipelines.TencentPipeline']
2018-11-13 13:16:53 [scrapy.core.engine] INFO: Spider opened
2018-11-13 13:16:53 [scrapy.extensions.logstats] INFO: Crawled 0 pages (at 0 pages/min), scraped 0 items (at 0 items/min)
2018-11-13 13:16:53 [scrapy.extensions.telnet] DEBUG: Telnet console listening on 127.0.0.1:6023
2018-11-13 13:16:53 [scrapy.core.engine] DEBUG: Crawled (404) <GET http://ip.filefab.com/robots.txt> (referer: None)
2018-11-13 13:16:55 [scrapy.core.engine] DEBUG: Crawled (200) <GET http://ip.filefab.com/index.php> (referer: None)
2018-11-13 13:16:55 [scrapy.core.scraper] ERROR: Spider error processing <GET http://ip.filefab.com/index.php> (referer: None)
Traceback (most recent call last):
  File "e:\environment\python36\lib\site-packages\twisted\internet\defer.py", line 653, in _runCallbacks
    current.result = callback(current.result, *args, **kw)
  File "E:\WorkSpace\python-scrapy-crawler\Tencent\Tencent\spiders\tencent.py", line 23, in parse
    self.parse_ip_text(response)
  File "E:\WorkSpace\python-scrapy-crawler\Tencent\Tencent\spiders\tencent.py", line 63, in parse_ip_text
    print('Your ip is: ', ip_text.get('data'))
AttributeError: 'str' object has no attribute 'get'
2018-11-13 13:16:55 [scrapy.core.engine] INFO: Closing spider (finished)
2018-11-13 13:16:55 [scrapy.statscollectors] INFO: Dumping Scrapy stats:
{'downloader/request_bytes': 445,
 'downloader/request_count': 2,
 'downloader/request_method_count/GET': 2,
 'downloader/response_bytes': 2201,
 'downloader/response_count': 2,
 'downloader/response_status_count/200': 1,
 'downloader/response_status_count/404': 1,
 'finish_reason': 'finished',
 'finish_time': datetime.datetime(2018, 11, 13, 5, 16, 55, 766900),
 'log_count/DEBUG': 3,
 'log_count/ERROR': 1,
 'log_count/INFO': 7,
 'response_received_count': 2,
 'scheduler/dequeued': 1,
 'scheduler/dequeued/memory': 1,
 'scheduler/enqueued': 1,
 'scheduler/enqueued/memory': 1,
 'spider_exceptions/AttributeError': 1,
 'start_time': datetime.datetime(2018, 11, 13, 5, 16, 53, 122900)}
2018-11-13 13:16:55 [scrapy.core.engine] INFO: Spider closed (finished)
2018-11-13 13:17:40 [scrapy.utils.log] INFO: Scrapy 1.5.0 started (bot: Tencent)
2018-11-13 13:17:40 [scrapy.utils.log] INFO: Versions: lxml 4.2.3.0, libxml2 2.9.5, cssselect 1.0.3, parsel 1.5.0, w3lib 1.19.0, Twisted 18.4.0, Python 3.6.4 (v3.6.4:d48eceb, Dec 19 2017, 06:54:40) [MSC v.1900 64 bit (AMD64)], pyOpenSSL 18.0.0 (OpenSSL 1.1.0h  27 Mar 2018), cryptography 2.2.2, Platform Windows-7-6.1.7601-SP1
2018-11-13 13:17:40 [scrapy.crawler] INFO: Overridden settings: {'BOT_NAME': 'Tencent', 'LOG_FILE': 'tencent.log', 'NEWSPIDER_MODULE': 'Tencent.spiders', 'ROBOTSTXT_OBEY': True, 'SPIDER_MODULES': ['Tencent.spiders']}
2018-11-13 13:17:40 [scrapy.middleware] INFO: Enabled extensions:
['scrapy.extensions.corestats.CoreStats',
 'scrapy.extensions.telnet.TelnetConsole',
 'scrapy.extensions.logstats.LogStats']
2018-11-13 13:17:41 [scrapy.middleware] INFO: Enabled downloader middlewares:
['scrapy.downloadermiddlewares.robotstxt.RobotsTxtMiddleware',
 'scrapy.downloadermiddlewares.httpauth.HttpAuthMiddleware',
 'scrapy.downloadermiddlewares.downloadtimeout.DownloadTimeoutMiddleware',
 'scrapy.downloadermiddlewares.defaultheaders.DefaultHeadersMiddleware',
 'scrapy.downloadermiddlewares.useragent.UserAgentMiddleware',
 'Tencent.middlewares.ProxyMiddleware',
 'scrapy.downloadermiddlewares.retry.RetryMiddleware',
 'scrapy.downloadermiddlewares.redirect.MetaRefreshMiddleware',
 'scrapy.downloadermiddlewares.httpcompression.HttpCompressionMiddleware',
 'scrapy.downloadermiddlewares.redirect.RedirectMiddleware',
 'scrapy.downloadermiddlewares.cookies.CookiesMiddleware',
 'scrapy.downloadermiddlewares.httpproxy.HttpProxyMiddleware',
 'scrapy.downloadermiddlewares.stats.DownloaderStats']
2018-11-13 13:17:41 [scrapy.middleware] INFO: Enabled spider middlewares:
['scrapy.spidermiddlewares.httperror.HttpErrorMiddleware',
 'scrapy.spidermiddlewares.offsite.OffsiteMiddleware',
 'scrapy.spidermiddlewares.referer.RefererMiddleware',
 'scrapy.spidermiddlewares.urllength.UrlLengthMiddleware',
 'scrapy.spidermiddlewares.depth.DepthMiddleware']
2018-11-13 13:17:41 [scrapy.middleware] INFO: Enabled item pipelines:
['Tencent.pipelines.TencentPipeline']
2018-11-13 13:17:41 [scrapy.core.engine] INFO: Spider opened
2018-11-13 13:17:41 [scrapy.extensions.logstats] INFO: Crawled 0 pages (at 0 pages/min), scraped 0 items (at 0 items/min)
2018-11-13 13:17:41 [scrapy.extensions.telnet] DEBUG: Telnet console listening on 127.0.0.1:6023
2018-11-13 13:17:42 [scrapy.core.engine] DEBUG: Crawled (404) <GET http://ip.filefab.com/robots.txt> (referer: None)
2018-11-13 13:17:44 [scrapy.core.engine] DEBUG: Crawled (200) <GET http://ip.filefab.com/index.php> (referer: None)
2018-11-13 13:17:44 [scrapy.core.engine] INFO: Closing spider (finished)
2018-11-13 13:17:44 [scrapy.statscollectors] INFO: Dumping Scrapy stats:
{'downloader/request_bytes': 445,
 'downloader/request_count': 2,
 'downloader/request_method_count/GET': 2,
 'downloader/response_bytes': 2201,
 'downloader/response_count': 2,
 'downloader/response_status_count/200': 1,
 'downloader/response_status_count/404': 1,
 'finish_reason': 'finished',
 'finish_time': datetime.datetime(2018, 11, 13, 5, 17, 44, 192900),
 'log_count/DEBUG': 3,
 'log_count/INFO': 7,
 'response_received_count': 2,
 'scheduler/dequeued': 1,
 'scheduler/dequeued/memory': 1,
 'scheduler/enqueued': 1,
 'scheduler/enqueued/memory': 1,
 'start_time': datetime.datetime(2018, 11, 13, 5, 17, 41, 690900)}
2018-11-13 13:17:44 [scrapy.core.engine] INFO: Spider closed (finished)
2018-11-13 13:18:12 [scrapy.utils.log] INFO: Scrapy 1.5.0 started (bot: Tencent)
2018-11-13 13:18:12 [scrapy.utils.log] INFO: Versions: lxml 4.2.3.0, libxml2 2.9.5, cssselect 1.0.3, parsel 1.5.0, w3lib 1.19.0, Twisted 18.4.0, Python 3.6.4 (v3.6.4:d48eceb, Dec 19 2017, 06:54:40) [MSC v.1900 64 bit (AMD64)], pyOpenSSL 18.0.0 (OpenSSL 1.1.0h  27 Mar 2018), cryptography 2.2.2, Platform Windows-7-6.1.7601-SP1
2018-11-13 13:18:12 [scrapy.crawler] INFO: Overridden settings: {'BOT_NAME': 'Tencent', 'LOG_FILE': 'tencent.log', 'NEWSPIDER_MODULE': 'Tencent.spiders', 'ROBOTSTXT_OBEY': True, 'SPIDER_MODULES': ['Tencent.spiders']}
2018-11-13 13:18:12 [scrapy.middleware] INFO: Enabled extensions:
['scrapy.extensions.corestats.CoreStats',
 'scrapy.extensions.telnet.TelnetConsole',
 'scrapy.extensions.logstats.LogStats']
2018-11-13 13:18:13 [scrapy.middleware] INFO: Enabled downloader middlewares:
['scrapy.downloadermiddlewares.robotstxt.RobotsTxtMiddleware',
 'scrapy.downloadermiddlewares.httpauth.HttpAuthMiddleware',
 'scrapy.downloadermiddlewares.downloadtimeout.DownloadTimeoutMiddleware',
 'scrapy.downloadermiddlewares.defaultheaders.DefaultHeadersMiddleware',
 'scrapy.downloadermiddlewares.useragent.UserAgentMiddleware',
 'Tencent.middlewares.ProxyMiddleware',
 'scrapy.downloadermiddlewares.retry.RetryMiddleware',
 'scrapy.downloadermiddlewares.redirect.MetaRefreshMiddleware',
 'scrapy.downloadermiddlewares.httpcompression.HttpCompressionMiddleware',
 'scrapy.downloadermiddlewares.redirect.RedirectMiddleware',
 'scrapy.downloadermiddlewares.cookies.CookiesMiddleware',
 'scrapy.downloadermiddlewares.httpproxy.HttpProxyMiddleware',
 'scrapy.downloadermiddlewares.stats.DownloaderStats']
2018-11-13 13:18:13 [scrapy.middleware] INFO: Enabled spider middlewares:
['scrapy.spidermiddlewares.httperror.HttpErrorMiddleware',
 'scrapy.spidermiddlewares.offsite.OffsiteMiddleware',
 'scrapy.spidermiddlewares.referer.RefererMiddleware',
 'scrapy.spidermiddlewares.urllength.UrlLengthMiddleware',
 'scrapy.spidermiddlewares.depth.DepthMiddleware']
2018-11-13 13:18:13 [scrapy.middleware] INFO: Enabled item pipelines:
['Tencent.pipelines.TencentPipeline']
2018-11-13 13:18:13 [scrapy.core.engine] INFO: Spider opened
2018-11-13 13:18:13 [scrapy.extensions.logstats] INFO: Crawled 0 pages (at 0 pages/min), scraped 0 items (at 0 items/min)
2018-11-13 13:18:13 [scrapy.extensions.telnet] DEBUG: Telnet console listening on 127.0.0.1:6023
2018-11-13 13:18:14 [scrapy.core.engine] DEBUG: Crawled (404) <GET http://ip.filefab.com/robots.txt> (referer: None)
2018-11-13 13:18:15 [scrapy.core.engine] DEBUG: Crawled (200) <GET http://ip.filefab.com/index.php> (referer: None)
2018-11-13 13:18:16 [scrapy.core.scraper] ERROR: Spider error processing <GET http://ip.filefab.com/index.php> (referer: None)
Traceback (most recent call last):
  File "e:\environment\python36\lib\site-packages\twisted\internet\defer.py", line 653, in _runCallbacks
    current.result = callback(current.result, *args, **kw)
  File "E:\WorkSpace\python-scrapy-crawler\Tencent\Tencent\spiders\tencent.py", line 23, in parse
    self.parse_ip_text(response)
  File "E:\WorkSpace\python-scrapy-crawler\Tencent\Tencent\spiders\tencent.py", line 61, in parse_ip_text
    print('Your ip is: ', ip_text.get('data'))
AttributeError: 'str' object has no attribute 'get'
2018-11-13 13:18:16 [scrapy.core.engine] INFO: Closing spider (finished)
2018-11-13 13:18:16 [scrapy.statscollectors] INFO: Dumping Scrapy stats:
{'downloader/request_bytes': 445,
 'downloader/request_count': 2,
 'downloader/request_method_count/GET': 2,
 'downloader/response_bytes': 2201,
 'downloader/response_count': 2,
 'downloader/response_status_count/200': 1,
 'downloader/response_status_count/404': 1,
 'finish_reason': 'finished',
 'finish_time': datetime.datetime(2018, 11, 13, 5, 18, 16, 166900),
 'log_count/DEBUG': 3,
 'log_count/ERROR': 1,
 'log_count/INFO': 7,
 'response_received_count': 2,
 'scheduler/dequeued': 1,
 'scheduler/dequeued/memory': 1,
 'scheduler/enqueued': 1,
 'scheduler/enqueued/memory': 1,
 'spider_exceptions/AttributeError': 1,
 'start_time': datetime.datetime(2018, 11, 13, 5, 18, 13, 541900)}
2018-11-13 13:18:16 [scrapy.core.engine] INFO: Spider closed (finished)
2018-11-13 13:18:50 [scrapy.utils.log] INFO: Scrapy 1.5.0 started (bot: Tencent)
2018-11-13 13:18:50 [scrapy.utils.log] INFO: Versions: lxml 4.2.3.0, libxml2 2.9.5, cssselect 1.0.3, parsel 1.5.0, w3lib 1.19.0, Twisted 18.4.0, Python 3.6.4 (v3.6.4:d48eceb, Dec 19 2017, 06:54:40) [MSC v.1900 64 bit (AMD64)], pyOpenSSL 18.0.0 (OpenSSL 1.1.0h  27 Mar 2018), cryptography 2.2.2, Platform Windows-7-6.1.7601-SP1
2018-11-13 13:18:50 [scrapy.crawler] INFO: Overridden settings: {'BOT_NAME': 'Tencent', 'LOG_FILE': 'tencent.log', 'NEWSPIDER_MODULE': 'Tencent.spiders', 'ROBOTSTXT_OBEY': True, 'SPIDER_MODULES': ['Tencent.spiders']}
2018-11-13 13:18:50 [scrapy.middleware] INFO: Enabled extensions:
['scrapy.extensions.corestats.CoreStats',
 'scrapy.extensions.telnet.TelnetConsole',
 'scrapy.extensions.logstats.LogStats']
2018-11-13 13:18:51 [scrapy.middleware] INFO: Enabled downloader middlewares:
['scrapy.downloadermiddlewares.robotstxt.RobotsTxtMiddleware',
 'scrapy.downloadermiddlewares.httpauth.HttpAuthMiddleware',
 'scrapy.downloadermiddlewares.downloadtimeout.DownloadTimeoutMiddleware',
 'scrapy.downloadermiddlewares.defaultheaders.DefaultHeadersMiddleware',
 'scrapy.downloadermiddlewares.useragent.UserAgentMiddleware',
 'Tencent.middlewares.ProxyMiddleware',
 'scrapy.downloadermiddlewares.retry.RetryMiddleware',
 'scrapy.downloadermiddlewares.redirect.MetaRefreshMiddleware',
 'scrapy.downloadermiddlewares.httpcompression.HttpCompressionMiddleware',
 'scrapy.downloadermiddlewares.redirect.RedirectMiddleware',
 'scrapy.downloadermiddlewares.cookies.CookiesMiddleware',
 'scrapy.downloadermiddlewares.httpproxy.HttpProxyMiddleware',
 'scrapy.downloadermiddlewares.stats.DownloaderStats']
2018-11-13 13:18:51 [scrapy.middleware] INFO: Enabled spider middlewares:
['scrapy.spidermiddlewares.httperror.HttpErrorMiddleware',
 'scrapy.spidermiddlewares.offsite.OffsiteMiddleware',
 'scrapy.spidermiddlewares.referer.RefererMiddleware',
 'scrapy.spidermiddlewares.urllength.UrlLengthMiddleware',
 'scrapy.spidermiddlewares.depth.DepthMiddleware']
2018-11-13 13:18:51 [scrapy.middleware] INFO: Enabled item pipelines:
['Tencent.pipelines.TencentPipeline']
2018-11-13 13:18:51 [scrapy.core.engine] INFO: Spider opened
2018-11-13 13:18:51 [scrapy.extensions.logstats] INFO: Crawled 0 pages (at 0 pages/min), scraped 0 items (at 0 items/min)
2018-11-13 13:18:51 [scrapy.extensions.telnet] DEBUG: Telnet console listening on 127.0.0.1:6023
2018-11-13 13:18:51 [scrapy.core.engine] DEBUG: Crawled (404) <GET http://ip.filefab.com/robots.txt> (referer: None)
2018-11-13 13:18:53 [scrapy.core.engine] DEBUG: Crawled (200) <GET http://ip.filefab.com/index.php> (referer: None)
2018-11-13 13:18:53 [scrapy.core.scraper] ERROR: Spider error processing <GET http://ip.filefab.com/index.php> (referer: None)
Traceback (most recent call last):
  File "e:\environment\python36\lib\site-packages\twisted\internet\defer.py", line 653, in _runCallbacks
    current.result = callback(current.result, *args, **kw)
  File "E:\WorkSpace\python-scrapy-crawler\Tencent\Tencent\spiders\tencent.py", line 23, in parse
    self.parse_ip_text(response)
  File "E:\WorkSpace\python-scrapy-crawler\Tencent\Tencent\spiders\tencent.py", line 62, in parse_ip_text
    print('Your ip is: ', ip_text.get('data'))
AttributeError: 'str' object has no attribute 'get'
2018-11-13 13:18:53 [scrapy.core.engine] INFO: Closing spider (finished)
2018-11-13 13:18:53 [scrapy.statscollectors] INFO: Dumping Scrapy stats:
{'downloader/request_bytes': 445,
 'downloader/request_count': 2,
 'downloader/request_method_count/GET': 2,
 'downloader/response_bytes': 2201,
 'downloader/response_count': 2,
 'downloader/response_status_count/200': 1,
 'downloader/response_status_count/404': 1,
 'finish_reason': 'finished',
 'finish_time': datetime.datetime(2018, 11, 13, 5, 18, 53, 940900),
 'log_count/DEBUG': 3,
 'log_count/ERROR': 1,
 'log_count/INFO': 7,
 'response_received_count': 2,
 'scheduler/dequeued': 1,
 'scheduler/dequeued/memory': 1,
 'scheduler/enqueued': 1,
 'scheduler/enqueued/memory': 1,
 'spider_exceptions/AttributeError': 1,
 'start_time': datetime.datetime(2018, 11, 13, 5, 18, 51, 346900)}
2018-11-13 13:18:53 [scrapy.core.engine] INFO: Spider closed (finished)
2018-11-13 13:19:26 [scrapy.utils.log] INFO: Scrapy 1.5.0 started (bot: Tencent)
2018-11-13 13:19:26 [scrapy.utils.log] INFO: Versions: lxml 4.2.3.0, libxml2 2.9.5, cssselect 1.0.3, parsel 1.5.0, w3lib 1.19.0, Twisted 18.4.0, Python 3.6.4 (v3.6.4:d48eceb, Dec 19 2017, 06:54:40) [MSC v.1900 64 bit (AMD64)], pyOpenSSL 18.0.0 (OpenSSL 1.1.0h  27 Mar 2018), cryptography 2.2.2, Platform Windows-7-6.1.7601-SP1
2018-11-13 13:19:26 [scrapy.crawler] INFO: Overridden settings: {'BOT_NAME': 'Tencent', 'LOG_FILE': 'tencent.log', 'NEWSPIDER_MODULE': 'Tencent.spiders', 'ROBOTSTXT_OBEY': True, 'SPIDER_MODULES': ['Tencent.spiders']}
2018-11-13 13:19:26 [scrapy.middleware] INFO: Enabled extensions:
['scrapy.extensions.corestats.CoreStats',
 'scrapy.extensions.telnet.TelnetConsole',
 'scrapy.extensions.logstats.LogStats']
2018-11-13 13:19:28 [scrapy.middleware] INFO: Enabled downloader middlewares:
['scrapy.downloadermiddlewares.robotstxt.RobotsTxtMiddleware',
 'scrapy.downloadermiddlewares.httpauth.HttpAuthMiddleware',
 'scrapy.downloadermiddlewares.downloadtimeout.DownloadTimeoutMiddleware',
 'scrapy.downloadermiddlewares.defaultheaders.DefaultHeadersMiddleware',
 'scrapy.downloadermiddlewares.useragent.UserAgentMiddleware',
 'Tencent.middlewares.ProxyMiddleware',
 'scrapy.downloadermiddlewares.retry.RetryMiddleware',
 'scrapy.downloadermiddlewares.redirect.MetaRefreshMiddleware',
 'scrapy.downloadermiddlewares.httpcompression.HttpCompressionMiddleware',
 'scrapy.downloadermiddlewares.redirect.RedirectMiddleware',
 'scrapy.downloadermiddlewares.cookies.CookiesMiddleware',
 'scrapy.downloadermiddlewares.httpproxy.HttpProxyMiddleware',
 'scrapy.downloadermiddlewares.stats.DownloaderStats']
2018-11-13 13:19:28 [scrapy.middleware] INFO: Enabled spider middlewares:
['scrapy.spidermiddlewares.httperror.HttpErrorMiddleware',
 'scrapy.spidermiddlewares.offsite.OffsiteMiddleware',
 'scrapy.spidermiddlewares.referer.RefererMiddleware',
 'scrapy.spidermiddlewares.urllength.UrlLengthMiddleware',
 'scrapy.spidermiddlewares.depth.DepthMiddleware']
2018-11-13 13:19:28 [scrapy.middleware] INFO: Enabled item pipelines:
['Tencent.pipelines.TencentPipeline']
2018-11-13 13:19:28 [scrapy.core.engine] INFO: Spider opened
2018-11-13 13:19:28 [scrapy.extensions.logstats] INFO: Crawled 0 pages (at 0 pages/min), scraped 0 items (at 0 items/min)
2018-11-13 13:19:28 [scrapy.extensions.telnet] DEBUG: Telnet console listening on 127.0.0.1:6023
2018-11-13 13:19:28 [scrapy.core.engine] DEBUG: Crawled (404) <GET http://ip.filefab.com/robots.txt> (referer: None)
2018-11-13 13:19:31 [scrapy.core.engine] DEBUG: Crawled (200) <GET http://ip.filefab.com/index.php> (referer: None)
2018-11-13 13:19:31 [scrapy.core.engine] INFO: Closing spider (finished)
2018-11-13 13:19:31 [scrapy.statscollectors] INFO: Dumping Scrapy stats:
{'downloader/request_bytes': 445,
 'downloader/request_count': 2,
 'downloader/request_method_count/GET': 2,
 'downloader/response_bytes': 2201,
 'downloader/response_count': 2,
 'downloader/response_status_count/200': 1,
 'downloader/response_status_count/404': 1,
 'finish_reason': 'finished',
 'finish_time': datetime.datetime(2018, 11, 13, 5, 19, 31, 939900),
 'log_count/DEBUG': 3,
 'log_count/INFO': 7,
 'response_received_count': 2,
 'scheduler/dequeued': 1,
 'scheduler/dequeued/memory': 1,
 'scheduler/enqueued': 1,
 'scheduler/enqueued/memory': 1,
 'start_time': datetime.datetime(2018, 11, 13, 5, 19, 28, 190900)}
2018-11-13 13:19:31 [scrapy.core.engine] INFO: Spider closed (finished)
2018-11-13 13:20:08 [scrapy.utils.log] INFO: Scrapy 1.5.0 started (bot: Tencent)
2018-11-13 13:20:08 [scrapy.utils.log] INFO: Versions: lxml 4.2.3.0, libxml2 2.9.5, cssselect 1.0.3, parsel 1.5.0, w3lib 1.19.0, Twisted 18.4.0, Python 3.6.4 (v3.6.4:d48eceb, Dec 19 2017, 06:54:40) [MSC v.1900 64 bit (AMD64)], pyOpenSSL 18.0.0 (OpenSSL 1.1.0h  27 Mar 2018), cryptography 2.2.2, Platform Windows-7-6.1.7601-SP1
2018-11-13 13:20:08 [scrapy.crawler] INFO: Overridden settings: {'BOT_NAME': 'Tencent', 'LOG_FILE': 'tencent.log', 'NEWSPIDER_MODULE': 'Tencent.spiders', 'ROBOTSTXT_OBEY': True, 'SPIDER_MODULES': ['Tencent.spiders']}
2018-11-13 13:20:08 [scrapy.middleware] INFO: Enabled extensions:
['scrapy.extensions.corestats.CoreStats',
 'scrapy.extensions.telnet.TelnetConsole',
 'scrapy.extensions.logstats.LogStats']
2018-11-13 13:20:09 [scrapy.middleware] INFO: Enabled downloader middlewares:
['scrapy.downloadermiddlewares.robotstxt.RobotsTxtMiddleware',
 'scrapy.downloadermiddlewares.httpauth.HttpAuthMiddleware',
 'scrapy.downloadermiddlewares.downloadtimeout.DownloadTimeoutMiddleware',
 'scrapy.downloadermiddlewares.defaultheaders.DefaultHeadersMiddleware',
 'scrapy.downloadermiddlewares.useragent.UserAgentMiddleware',
 'Tencent.middlewares.ProxyMiddleware',
 'scrapy.downloadermiddlewares.retry.RetryMiddleware',
 'scrapy.downloadermiddlewares.redirect.MetaRefreshMiddleware',
 'scrapy.downloadermiddlewares.httpcompression.HttpCompressionMiddleware',
 'scrapy.downloadermiddlewares.redirect.RedirectMiddleware',
 'scrapy.downloadermiddlewares.cookies.CookiesMiddleware',
 'scrapy.downloadermiddlewares.httpproxy.HttpProxyMiddleware',
 'scrapy.downloadermiddlewares.stats.DownloaderStats']
2018-11-13 13:20:09 [scrapy.middleware] INFO: Enabled spider middlewares:
['scrapy.spidermiddlewares.httperror.HttpErrorMiddleware',
 'scrapy.spidermiddlewares.offsite.OffsiteMiddleware',
 'scrapy.spidermiddlewares.referer.RefererMiddleware',
 'scrapy.spidermiddlewares.urllength.UrlLengthMiddleware',
 'scrapy.spidermiddlewares.depth.DepthMiddleware']
2018-11-13 13:20:09 [scrapy.middleware] INFO: Enabled item pipelines:
['Tencent.pipelines.TencentPipeline']
2018-11-13 13:20:09 [scrapy.core.engine] INFO: Spider opened
2018-11-13 13:20:09 [scrapy.extensions.logstats] INFO: Crawled 0 pages (at 0 pages/min), scraped 0 items (at 0 items/min)
2018-11-13 13:20:09 [scrapy.extensions.telnet] DEBUG: Telnet console listening on 127.0.0.1:6023
2018-11-13 13:20:10 [scrapy.core.engine] DEBUG: Crawled (404) <GET http://ip.filefab.com/robots.txt> (referer: None)
2018-11-13 13:20:12 [scrapy.core.engine] DEBUG: Crawled (200) <GET http://ip.filefab.com/index.php> (referer: None)
2018-11-13 13:20:12 [scrapy.core.engine] INFO: Closing spider (finished)
2018-11-13 13:20:12 [scrapy.statscollectors] INFO: Dumping Scrapy stats:
{'downloader/request_bytes': 445,
 'downloader/request_count': 2,
 'downloader/request_method_count/GET': 2,
 'downloader/response_bytes': 2201,
 'downloader/response_count': 2,
 'downloader/response_status_count/200': 1,
 'downloader/response_status_count/404': 1,
 'finish_reason': 'finished',
 'finish_time': datetime.datetime(2018, 11, 13, 5, 20, 12, 289900),
 'log_count/DEBUG': 3,
 'log_count/INFO': 7,
 'response_received_count': 2,
 'scheduler/dequeued': 1,
 'scheduler/dequeued/memory': 1,
 'scheduler/enqueued': 1,
 'scheduler/enqueued/memory': 1,
 'start_time': datetime.datetime(2018, 11, 13, 5, 20, 9, 804900)}
2018-11-13 13:20:12 [scrapy.core.engine] INFO: Spider closed (finished)
